[10:44:09] [main/INFO]: Loading Minecraft 1.20.4 with Fabric Loader 0.15.7
[10:44:09] [main/INFO]: Fabric is preparing JARs on first launch, this may take a few seconds...
[10:44:09] [main/INFO]: Loading 4 mods:
	- fabricloader 0.15.7
	   \-- mixinextras 0.3.5
	- java 21
	- minecraft 1.20.4
[10:44:09] [main/INFO]: SpongePowered MIXIN Subsystem Version=0.8.5 Source=file:/workspaces/codespaces-jupyter/Minecraft-server/libraries/net/fabricmc/sponge-mixin/0.12.5+mixin.0.8.5/sponge-mixin-0.12.5+mixin.0.8.5.jar Service=Knot/Fabric Env=SERVER
[10:44:10] [main/ERROR]: Failed to start the minecraft server
joptsimple.UnrecognizedOptionException: m is not a recognized option
	at joptsimple.OptionException.unrecognizedOption(OptionException.java:108) ~[jopt-simple-5.0.4.jar:?]
	at joptsimple.OptionParser.validateOptionCharacters(OptionParser.java:633) ~[jopt-simple-5.0.4.jar:?]
	at joptsimple.OptionParser.handleShortOptionCluster(OptionParser.java:528) ~[jopt-simple-5.0.4.jar:?]
	at joptsimple.OptionParser.handleShortOptionToken(OptionParser.java:523) ~[jopt-simple-5.0.4.jar:?]
	at joptsimple.OptionParserState$2.handleArgument(OptionParserState.java:59) ~[jopt-simple-5.0.4.jar:?]
	at joptsimple.OptionParser.parse(OptionParser.java:396) ~[jopt-simple-5.0.4.jar:?]
	at net.minecraft.server.Main.main(Main.java:87) ~[server-intermediary.jar:?]
	at net.fabricmc.loader.impl.game.minecraft.MinecraftGameProvider.launch(MinecraftGameProvider.java:470) ~[fabric-loader-0.15.7.jar:?]
	at net.fabricmc.loader.impl.launch.knot.Knot.launch(Knot.java:74) ~[fabric-loader-0.15.7.jar:?]
	at net.fabricmc.loader.impl.launch.knot.KnotServer.main(KnotServer.java:23) ~[fabric-loader-0.15.7.jar:?]
	at net.fabricmc.loader.impl.launch.server.FabricServerLauncher.main(FabricServerLauncher.java:69) ~[fabric-loader-0.15.7.jar:?]
	at net.fabricmc.installer.ServerLauncher.main(ServerLauncher.java:69) ~[fabric-server-launch.jar:1.0.0]
